{"D:\\Almoxarifado\\API NODE\\src\\dataBase\\index.ts": {"path":"D:\\Almoxarifado\\API NODE\\src\\dataBase\\index.ts","statementMap":{"0":{"start":{"line":1,"column":0},"end":{"line":1,"column":46}},"1":{"start":{"line":3,"column":21},"end":{"line":3,"column":39}},"2":{"start":{"line":5,"column":0},"end":{"line":5,"column":28}}},"fnMap":{},"branchMap":{},"s":{"0":2,"1":2,"2":2},"f":{},"b":{}}
,"D:\\Almoxarifado\\API NODE\\src\\server\\Server.ts": {"path":"D:\\Almoxarifado\\API NODE\\src\\server\\Server.ts","statementMap":{"0":{"start":{"line":1,"column":0},"end":{"line":1,"column":30}},"1":{"start":{"line":2,"column":0},"end":{"line":2,"column":23}},"2":{"start":{"line":3,"column":0},"end":{"line":3,"column":41}},"3":{"start":{"line":5,"column":15},"end":{"line":5,"column":24}},"4":{"start":{"line":11,"column":8},"end":{"line":11,"column":14}},"5":{"start":{"line":7,"column":0},"end":{"line":7,"column":27}},"6":{"start":{"line":8,"column":0},"end":{"line":8,"column":19}}},"fnMap":{},"branchMap":{},"s":{"0":2,"1":2,"2":2,"3":2,"4":2,"5":2,"6":2},"f":{},"b":{}}
,"D:\\Almoxarifado\\API NODE\\src\\server\\controllers\\ArmaController.ts": {"path":"D:\\Almoxarifado\\API NODE\\src\\server\\controllers\\ArmaController.ts","statementMap":{"0":{"start":{"line":2,"column":0},"end":{"line":2,"column":53}},"1":{"start":{"line":4,"column":23},"end":{"line":39,"column":2}},"2":{"start":{"line":6,"column":2},"end":{"line":14,"column":null}},"3":{"start":{"line":7,"column":19},"end":{"line":7,"column":33}},"4":{"start":{"line":8,"column":19},"end":{"line":8,"column":36}},"5":{"start":{"line":9,"column":18},"end":{"line":9,"column":74}},"6":{"start":{"line":10,"column":3},"end":{"line":11,"column":73}},"7":{"start":{"line":10,"column":15},"end":{"line":10,"column":56}},"8":{"start":{"line":11,"column":8},"end":{"line":11,"column":73}},"9":{"start":{"line":13,"column":3},"end":{"line":13,"column":78}},"10":{"start":{"line":17,"column":2},"end":{"line":26,"column":null}},"11":{"start":{"line":18,"column":19},"end":{"line":18,"column":36}},"12":{"start":{"line":19,"column":23},"end":{"line":19,"column":35}},"13":{"start":{"line":20,"column":22},"end":{"line":20,"column":23}},"14":{"start":{"line":21,"column":18},"end":{"line":21,"column":67}},"15":{"start":{"line":22,"column":3},"end":{"line":23,"column":76}},"16":{"start":{"line":22,"column":15},"end":{"line":22,"column":86}},"17":{"start":{"line":23,"column":8},"end":{"line":23,"column":76}},"18":{"start":{"line":25,"column":3},"end":{"line":25,"column":78}},"19":{"start":{"line":29,"column":2},"end":{"line":37,"column":null}},"20":{"start":{"line":30,"column":19},"end":{"line":30,"column":36}},"21":{"start":{"line":31,"column":23},"end":{"line":31,"column":35}},"22":{"start":{"line":32,"column":22},"end":{"line":32,"column":25}},"23":{"start":{"line":33,"column":18},"end":{"line":33,"column":69}},"24":{"start":{"line":34,"column":3},"end":{"line":34,"column":84}},"25":{"start":{"line":34,"column":15},"end":{"line":34,"column":84}},"26":{"start":{"line":36,"column":3},"end":{"line":36,"column":78}},"27":{"start":{"line":41,"column":8},"end":{"line":41,"column":22}}},"fnMap":{"0":{"name":"(anonymous_0)","decl":{"start":{"line":5,"column":1},"end":{"line":5,"column":6}},"loc":{"start":{"line":5,"column":48},"end":{"line":15,"column":2}}},"1":{"name":"(anonymous_1)","decl":{"start":{"line":16,"column":1},"end":{"line":16,"column":6}},"loc":{"start":{"line":16,"column":50},"end":{"line":27,"column":2}}},"2":{"name":"(anonymous_2)","decl":{"start":{"line":28,"column":1},"end":{"line":28,"column":6}},"loc":{"start":{"line":28,"column":52},"end":{"line":38,"column":2}}}},"branchMap":{"0":{"loc":{"start":{"line":9,"column":42},"end":{"line":9,"column":73}},"type":"cond-expr","locations":[{"start":{"line":9,"column":61},"end":{"line":9,"column":65}},{"start":{"line":9,"column":68},"end":{"line":9,"column":73}}]},"1":{"loc":{"start":{"line":10,"column":3},"end":{"line":11,"column":73}},"type":"if","locations":[{"start":{"line":10,"column":3},"end":{"line":11,"column":73}},{"start":{"line":11,"column":8},"end":{"line":11,"column":73}}]},"2":{"loc":{"start":{"line":22,"column":3},"end":{"line":23,"column":76}},"type":"if","locations":[{"start":{"line":22,"column":3},"end":{"line":23,"column":76}},{"start":{"line":23,"column":8},"end":{"line":23,"column":76}}]},"3":{"loc":{"start":{"line":34,"column":3},"end":{"line":34,"column":84}},"type":"if","locations":[{"start":{"line":34,"column":3},"end":{"line":34,"column":84}}]}},"s":{"0":2,"1":2,"2":0,"3":0,"4":0,"5":0,"6":0,"7":0,"8":0,"9":0,"10":0,"11":0,"12":0,"13":0,"14":0,"15":0,"16":0,"17":0,"18":0,"19":0,"20":0,"21":0,"22":0,"23":0,"24":0,"25":0,"26":0,"27":2},"f":{"0":0,"1":0,"2":0},"b":{"0":[0,0],"1":[0,0],"2":[0,0],"3":[0]}}
,"D:\\Almoxarifado\\API NODE\\src\\server\\controllers\\MarcaDeArmaController.ts": {"path":"D:\\Almoxarifado\\API NODE\\src\\server\\controllers\\MarcaDeArmaController.ts","statementMap":{"0":{"start":{"line":2,"column":0},"end":{"line":2,"column":67}},"1":{"start":{"line":4,"column":30},"end":{"line":51,"column":2}},"2":{"start":{"line":7,"column":2},"end":{"line":15,"column":null}},"3":{"start":{"line":8,"column":19},"end":{"line":8,"column":33}},"4":{"start":{"line":9,"column":19},"end":{"line":9,"column":43}},"5":{"start":{"line":10,"column":18},"end":{"line":10,"column":81}},"6":{"start":{"line":11,"column":3},"end":{"line":12,"column":73}},"7":{"start":{"line":11,"column":15},"end":{"line":11,"column":56}},"8":{"start":{"line":12,"column":8},"end":{"line":12,"column":73}},"9":{"start":{"line":14,"column":3},"end":{"line":14,"column":78}},"10":{"start":{"line":18,"column":2},"end":{"line":27,"column":null}},"11":{"start":{"line":19,"column":19},"end":{"line":19,"column":43}},"12":{"start":{"line":20,"column":23},"end":{"line":20,"column":35}},"13":{"start":{"line":21,"column":22},"end":{"line":21,"column":23}},"14":{"start":{"line":22,"column":18},"end":{"line":22,"column":74}},"15":{"start":{"line":23,"column":3},"end":{"line":24,"column":76}},"16":{"start":{"line":23,"column":15},"end":{"line":23,"column":86}},"17":{"start":{"line":24,"column":8},"end":{"line":24,"column":76}},"18":{"start":{"line":26,"column":3},"end":{"line":26,"column":78}},"19":{"start":{"line":30,"column":2},"end":{"line":38,"column":null}},"20":{"start":{"line":31,"column":19},"end":{"line":31,"column":43}},"21":{"start":{"line":32,"column":23},"end":{"line":32,"column":35}},"22":{"start":{"line":33,"column":22},"end":{"line":33,"column":25}},"23":{"start":{"line":34,"column":18},"end":{"line":34,"column":76}},"24":{"start":{"line":35,"column":3},"end":{"line":35,"column":84}},"25":{"start":{"line":35,"column":15},"end":{"line":35,"column":84}},"26":{"start":{"line":37,"column":3},"end":{"line":37,"column":78}},"27":{"start":{"line":41,"column":2},"end":{"line":49,"column":null}},"28":{"start":{"line":42,"column":19},"end":{"line":42,"column":43}},"29":{"start":{"line":43,"column":23},"end":{"line":43,"column":35}},"30":{"start":{"line":44,"column":22},"end":{"line":44,"column":25}},"31":{"start":{"line":45,"column":18},"end":{"line":45,"column":76}},"32":{"start":{"line":46,"column":3},"end":{"line":46,"column":84}},"33":{"start":{"line":46,"column":15},"end":{"line":46,"column":84}},"34":{"start":{"line":48,"column":3},"end":{"line":48,"column":78}},"35":{"start":{"line":53,"column":9},"end":{"line":53,"column":30}}},"fnMap":{"0":{"name":"(anonymous_0)","decl":{"start":{"line":6,"column":1},"end":{"line":6,"column":6}},"loc":{"start":{"line":6,"column":48},"end":{"line":16,"column":2}}},"1":{"name":"(anonymous_1)","decl":{"start":{"line":17,"column":1},"end":{"line":17,"column":6}},"loc":{"start":{"line":17,"column":50},"end":{"line":28,"column":2}}},"2":{"name":"(anonymous_2)","decl":{"start":{"line":29,"column":1},"end":{"line":29,"column":6}},"loc":{"start":{"line":29,"column":52},"end":{"line":39,"column":2}}},"3":{"name":"(anonymous_3)","decl":{"start":{"line":40,"column":1},"end":{"line":40,"column":6}},"loc":{"start":{"line":40,"column":52},"end":{"line":50,"column":2}}}},"branchMap":{"0":{"loc":{"start":{"line":10,"column":49},"end":{"line":10,"column":80}},"type":"cond-expr","locations":[{"start":{"line":10,"column":68},"end":{"line":10,"column":72}},{"start":{"line":10,"column":75},"end":{"line":10,"column":80}}]},"1":{"loc":{"start":{"line":11,"column":3},"end":{"line":12,"column":73}},"type":"if","locations":[{"start":{"line":11,"column":3},"end":{"line":12,"column":73}},{"start":{"line":12,"column":8},"end":{"line":12,"column":73}}]},"2":{"loc":{"start":{"line":23,"column":3},"end":{"line":24,"column":76}},"type":"if","locations":[{"start":{"line":23,"column":3},"end":{"line":24,"column":76}},{"start":{"line":24,"column":8},"end":{"line":24,"column":76}}]},"3":{"loc":{"start":{"line":35,"column":3},"end":{"line":35,"column":84}},"type":"if","locations":[{"start":{"line":35,"column":3},"end":{"line":35,"column":84}}]},"4":{"loc":{"start":{"line":46,"column":3},"end":{"line":46,"column":84}},"type":"if","locations":[{"start":{"line":46,"column":3},"end":{"line":46,"column":84}}]}},"s":{"0":2,"1":2,"2":2,"3":2,"4":2,"5":2,"6":2,"7":2,"8":0,"9":0,"10":1,"11":1,"12":1,"13":1,"14":1,"15":1,"16":1,"17":0,"18":0,"19":0,"20":0,"21":0,"22":0,"23":0,"24":0,"25":0,"26":0,"27":0,"28":0,"29":0,"30":0,"31":0,"32":0,"33":0,"34":0,"35":2},"f":{"0":2,"1":1,"2":0,"3":0},"b":{"0":[0,2],"1":[2,0],"2":[1,0],"3":[0],"4":[0]}}
,"D:\\Almoxarifado\\API NODE\\src\\server\\controllers\\MunicaoDeArmaController.ts": {"path":"D:\\Almoxarifado\\API NODE\\src\\server\\controllers\\MunicaoDeArmaController.ts","statementMap":{"0":{"start":{"line":2,"column":0},"end":{"line":2,"column":72}},"1":{"start":{"line":4,"column":32},"end":{"line":51,"column":2}},"2":{"start":{"line":7,"column":2},"end":{"line":15,"column":null}},"3":{"start":{"line":8,"column":19},"end":{"line":8,"column":33}},"4":{"start":{"line":9,"column":19},"end":{"line":9,"column":46}},"5":{"start":{"line":10,"column":18},"end":{"line":10,"column":83}},"6":{"start":{"line":11,"column":3},"end":{"line":12,"column":73}},"7":{"start":{"line":11,"column":15},"end":{"line":11,"column":56}},"8":{"start":{"line":12,"column":8},"end":{"line":12,"column":73}},"9":{"start":{"line":14,"column":3},"end":{"line":14,"column":78}},"10":{"start":{"line":18,"column":2},"end":{"line":27,"column":null}},"11":{"start":{"line":19,"column":19},"end":{"line":19,"column":46}},"12":{"start":{"line":20,"column":23},"end":{"line":20,"column":35}},"13":{"start":{"line":21,"column":22},"end":{"line":21,"column":23}},"14":{"start":{"line":22,"column":18},"end":{"line":22,"column":76}},"15":{"start":{"line":23,"column":3},"end":{"line":24,"column":76}},"16":{"start":{"line":23,"column":15},"end":{"line":23,"column":86}},"17":{"start":{"line":24,"column":8},"end":{"line":24,"column":76}},"18":{"start":{"line":26,"column":3},"end":{"line":26,"column":78}},"19":{"start":{"line":30,"column":2},"end":{"line":38,"column":null}},"20":{"start":{"line":31,"column":19},"end":{"line":31,"column":46}},"21":{"start":{"line":32,"column":23},"end":{"line":32,"column":35}},"22":{"start":{"line":33,"column":22},"end":{"line":33,"column":25}},"23":{"start":{"line":34,"column":18},"end":{"line":34,"column":78}},"24":{"start":{"line":35,"column":3},"end":{"line":35,"column":84}},"25":{"start":{"line":35,"column":15},"end":{"line":35,"column":84}},"26":{"start":{"line":37,"column":3},"end":{"line":37,"column":78}},"27":{"start":{"line":41,"column":2},"end":{"line":49,"column":null}},"28":{"start":{"line":42,"column":19},"end":{"line":42,"column":46}},"29":{"start":{"line":43,"column":23},"end":{"line":43,"column":35}},"30":{"start":{"line":44,"column":22},"end":{"line":44,"column":25}},"31":{"start":{"line":45,"column":18},"end":{"line":45,"column":78}},"32":{"start":{"line":46,"column":3},"end":{"line":46,"column":84}},"33":{"start":{"line":46,"column":15},"end":{"line":46,"column":84}},"34":{"start":{"line":48,"column":3},"end":{"line":48,"column":78}},"35":{"start":{"line":53,"column":9},"end":{"line":53,"column":32}}},"fnMap":{"0":{"name":"(anonymous_0)","decl":{"start":{"line":6,"column":1},"end":{"line":6,"column":6}},"loc":{"start":{"line":6,"column":48},"end":{"line":16,"column":2}}},"1":{"name":"(anonymous_1)","decl":{"start":{"line":17,"column":1},"end":{"line":17,"column":6}},"loc":{"start":{"line":17,"column":50},"end":{"line":28,"column":2}}},"2":{"name":"(anonymous_2)","decl":{"start":{"line":29,"column":1},"end":{"line":29,"column":6}},"loc":{"start":{"line":29,"column":52},"end":{"line":39,"column":2}}},"3":{"name":"(anonymous_3)","decl":{"start":{"line":40,"column":1},"end":{"line":40,"column":6}},"loc":{"start":{"line":40,"column":52},"end":{"line":50,"column":2}}}},"branchMap":{"0":{"loc":{"start":{"line":10,"column":51},"end":{"line":10,"column":82}},"type":"cond-expr","locations":[{"start":{"line":10,"column":70},"end":{"line":10,"column":74}},{"start":{"line":10,"column":77},"end":{"line":10,"column":82}}]},"1":{"loc":{"start":{"line":11,"column":3},"end":{"line":12,"column":73}},"type":"if","locations":[{"start":{"line":11,"column":3},"end":{"line":12,"column":73}},{"start":{"line":12,"column":8},"end":{"line":12,"column":73}}]},"2":{"loc":{"start":{"line":23,"column":3},"end":{"line":24,"column":76}},"type":"if","locations":[{"start":{"line":23,"column":3},"end":{"line":24,"column":76}},{"start":{"line":24,"column":8},"end":{"line":24,"column":76}}]},"3":{"loc":{"start":{"line":35,"column":3},"end":{"line":35,"column":84}},"type":"if","locations":[{"start":{"line":35,"column":3},"end":{"line":35,"column":84}}]},"4":{"loc":{"start":{"line":46,"column":3},"end":{"line":46,"column":84}},"type":"if","locations":[{"start":{"line":46,"column":3},"end":{"line":46,"column":84}}]}},"s":{"0":2,"1":2,"2":0,"3":0,"4":0,"5":0,"6":0,"7":0,"8":0,"9":0,"10":0,"11":0,"12":0,"13":0,"14":0,"15":0,"16":0,"17":0,"18":0,"19":0,"20":0,"21":0,"22":0,"23":0,"24":0,"25":0,"26":0,"27":0,"28":0,"29":0,"30":0,"31":0,"32":0,"33":0,"34":0,"35":2},"f":{"0":0,"1":0,"2":0,"3":0},"b":{"0":[0,0],"1":[0,0],"2":[0,0],"3":[0],"4":[0]}}
,"D:\\Almoxarifado\\API NODE\\src\\server\\controllers\\TipoDeArmaController.ts": {"path":"D:\\Almoxarifado\\API NODE\\src\\server\\controllers\\TipoDeArmaController.ts","statementMap":{"0":{"start":{"line":2,"column":0},"end":{"line":2,"column":65}},"1":{"start":{"line":4,"column":29},"end":{"line":52,"column":2}},"2":{"start":{"line":7,"column":2},"end":{"line":15,"column":null}},"3":{"start":{"line":8,"column":19},"end":{"line":8,"column":33}},"4":{"start":{"line":9,"column":19},"end":{"line":9,"column":42}},"5":{"start":{"line":10,"column":18},"end":{"line":10,"column":80}},"6":{"start":{"line":11,"column":3},"end":{"line":12,"column":73}},"7":{"start":{"line":11,"column":15},"end":{"line":11,"column":56}},"8":{"start":{"line":12,"column":8},"end":{"line":12,"column":73}},"9":{"start":{"line":14,"column":3},"end":{"line":14,"column":78}},"10":{"start":{"line":18,"column":2},"end":{"line":28,"column":null}},"11":{"start":{"line":19,"column":19},"end":{"line":19,"column":42}},"12":{"start":{"line":20,"column":23},"end":{"line":20,"column":35}},"13":{"start":{"line":21,"column":20},"end":{"line":21,"column":31}},"14":{"start":{"line":22,"column":22},"end":{"line":22,"column":23}},"15":{"start":{"line":23,"column":18},"end":{"line":23,"column":73}},"16":{"start":{"line":24,"column":3},"end":{"line":25,"column":76}},"17":{"start":{"line":24,"column":15},"end":{"line":24,"column":86}},"18":{"start":{"line":25,"column":8},"end":{"line":25,"column":76}},"19":{"start":{"line":27,"column":3},"end":{"line":27,"column":78}},"20":{"start":{"line":31,"column":2},"end":{"line":39,"column":null}},"21":{"start":{"line":32,"column":19},"end":{"line":32,"column":42}},"22":{"start":{"line":33,"column":23},"end":{"line":33,"column":35}},"23":{"start":{"line":34,"column":22},"end":{"line":34,"column":25}},"24":{"start":{"line":35,"column":18},"end":{"line":35,"column":75}},"25":{"start":{"line":36,"column":3},"end":{"line":36,"column":84}},"26":{"start":{"line":36,"column":15},"end":{"line":36,"column":84}},"27":{"start":{"line":38,"column":3},"end":{"line":38,"column":78}},"28":{"start":{"line":42,"column":2},"end":{"line":50,"column":null}},"29":{"start":{"line":43,"column":19},"end":{"line":43,"column":42}},"30":{"start":{"line":44,"column":23},"end":{"line":44,"column":35}},"31":{"start":{"line":45,"column":22},"end":{"line":45,"column":25}},"32":{"start":{"line":46,"column":18},"end":{"line":46,"column":75}},"33":{"start":{"line":47,"column":3},"end":{"line":47,"column":84}},"34":{"start":{"line":47,"column":15},"end":{"line":47,"column":84}},"35":{"start":{"line":49,"column":3},"end":{"line":49,"column":78}},"36":{"start":{"line":54,"column":9},"end":{"line":54,"column":29}}},"fnMap":{"0":{"name":"(anonymous_0)","decl":{"start":{"line":6,"column":1},"end":{"line":6,"column":6}},"loc":{"start":{"line":6,"column":48},"end":{"line":16,"column":2}}},"1":{"name":"(anonymous_1)","decl":{"start":{"line":17,"column":1},"end":{"line":17,"column":6}},"loc":{"start":{"line":17,"column":50},"end":{"line":29,"column":2}}},"2":{"name":"(anonymous_2)","decl":{"start":{"line":30,"column":1},"end":{"line":30,"column":6}},"loc":{"start":{"line":30,"column":52},"end":{"line":40,"column":2}}},"3":{"name":"(anonymous_3)","decl":{"start":{"line":41,"column":1},"end":{"line":41,"column":6}},"loc":{"start":{"line":41,"column":52},"end":{"line":51,"column":2}}}},"branchMap":{"0":{"loc":{"start":{"line":10,"column":48},"end":{"line":10,"column":79}},"type":"cond-expr","locations":[{"start":{"line":10,"column":67},"end":{"line":10,"column":71}},{"start":{"line":10,"column":74},"end":{"line":10,"column":79}}]},"1":{"loc":{"start":{"line":11,"column":3},"end":{"line":12,"column":73}},"type":"if","locations":[{"start":{"line":11,"column":3},"end":{"line":12,"column":73}},{"start":{"line":12,"column":8},"end":{"line":12,"column":73}}]},"2":{"loc":{"start":{"line":24,"column":3},"end":{"line":25,"column":76}},"type":"if","locations":[{"start":{"line":24,"column":3},"end":{"line":25,"column":76}},{"start":{"line":25,"column":8},"end":{"line":25,"column":76}}]},"3":{"loc":{"start":{"line":36,"column":3},"end":{"line":36,"column":84}},"type":"if","locations":[{"start":{"line":36,"column":3},"end":{"line":36,"column":84}}]},"4":{"loc":{"start":{"line":47,"column":3},"end":{"line":47,"column":84}},"type":"if","locations":[{"start":{"line":47,"column":3},"end":{"line":47,"column":84}}]}},"s":{"0":2,"1":2,"2":1,"3":1,"4":1,"5":1,"6":1,"7":1,"8":0,"9":0,"10":1,"11":1,"12":1,"13":1,"14":1,"15":1,"16":1,"17":1,"18":0,"19":0,"20":0,"21":0,"22":0,"23":0,"24":0,"25":0,"26":0,"27":0,"28":0,"29":0,"30":0,"31":0,"32":0,"33":0,"34":0,"35":0,"36":2},"f":{"0":1,"1":1,"2":0,"3":0},"b":{"0":[0,1],"1":[1,0],"2":[1,0],"3":[0],"4":[0]}}
,"D:\\Almoxarifado\\API NODE\\src\\server\\routes\\routes.ts": {"path":"D:\\Almoxarifado\\API NODE\\src\\server\\routes\\routes.ts","statementMap":{"0":{"start":{"line":1,"column":0},"end":{"line":1,"column":33}},"1":{"start":{"line":2,"column":0},"end":{"line":2,"column":77}},"2":{"start":{"line":3,"column":0},"end":{"line":3,"column":81}},"3":{"start":{"line":4,"column":0},"end":{"line":4,"column":75}},"4":{"start":{"line":5,"column":0},"end":{"line":5,"column":63}},"5":{"start":{"line":6,"column":15},"end":{"line":6,"column":23}},"6":{"start":{"line":34,"column":8},"end":{"line":34,"column":14}},"7":{"start":{"line":8,"column":0},"end":{"line":10,"column":3}},"8":{"start":{"line":9,"column":1},"end":{"line":9,"column":39}},"9":{"start":{"line":12,"column":0},"end":{"line":12,"column":49}},"10":{"start":{"line":13,"column":0},"end":{"line":13,"column":45}},"11":{"start":{"line":14,"column":0},"end":{"line":14,"column":46}},"12":{"start":{"line":17,"column":0},"end":{"line":17,"column":63}},"13":{"start":{"line":18,"column":0},"end":{"line":18,"column":58}},"14":{"start":{"line":19,"column":0},"end":{"line":19,"column":59}},"15":{"start":{"line":20,"column":0},"end":{"line":20,"column":68}},"16":{"start":{"line":22,"column":0},"end":{"line":22,"column":67}},"17":{"start":{"line":23,"column":0},"end":{"line":23,"column":62}},"18":{"start":{"line":24,"column":0},"end":{"line":24,"column":63}},"19":{"start":{"line":25,"column":0},"end":{"line":25,"column":72}},"20":{"start":{"line":27,"column":0},"end":{"line":27,"column":61}},"21":{"start":{"line":28,"column":0},"end":{"line":28,"column":56}},"22":{"start":{"line":29,"column":0},"end":{"line":29,"column":57}},"23":{"start":{"line":30,"column":0},"end":{"line":30,"column":66}}},"fnMap":{"0":{"name":"(anonymous_0)","decl":{"start":{"line":8,"column":16},"end":{"line":8,"column":17}},"loc":{"start":{"line":8,"column":27},"end":{"line":10,"column":1}}}},"branchMap":{},"s":{"0":2,"1":2,"2":2,"3":2,"4":2,"5":2,"6":2,"7":2,"8":0,"9":2,"10":2,"11":2,"12":2,"13":2,"14":2,"15":2,"16":2,"17":2,"18":2,"19":2,"20":2,"21":2,"22":2,"23":2},"f":{"0":0},"b":{}}
,"D:\\Almoxarifado\\API NODE\\src\\server\\service\\ArmaService.ts": {"path":"D:\\Almoxarifado\\API NODE\\src\\server\\service\\ArmaService.ts","statementMap":{"0":{"start":{"line":2,"column":0},"end":{"line":2,"column":42}},"1":{"start":{"line":7,"column":2},"end":{"line":19,"column":null}},"2":{"start":{"line":8,"column":17},"end":{"line":8,"column":49}},"3":{"start":{"line":9,"column":18},"end":{"line":13,"column":5}},"4":{"start":{"line":14,"column":3},"end":{"line":14,"column":17}},"5":{"start":{"line":16,"column":3},"end":{"line":16,"column":24}},"6":{"start":{"line":17,"column":3},"end":{"line":17,"column":16}},"7":{"start":{"line":22,"column":2},"end":{"line":34,"column":null}},"8":{"start":{"line":23,"column":39},"end":{"line":23,"column":50}},"9":{"start":{"line":24,"column":18},"end":{"line":29,"column":5}},"10":{"start":{"line":30,"column":3},"end":{"line":30,"column":17}},"11":{"start":{"line":32,"column":3},"end":{"line":32,"column":22}},"12":{"start":{"line":33,"column":3},"end":{"line":33,"column":16}},"13":{"start":{"line":37,"column":2},"end":{"line":50,"column":null}},"14":{"start":{"line":38,"column":39},"end":{"line":38,"column":50}},"15":{"start":{"line":39,"column":20},"end":{"line":45,"column":5}},"16":{"start":{"line":46,"column":3},"end":{"line":46,"column":19}},"17":{"start":{"line":48,"column":3},"end":{"line":48,"column":22}},"18":{"start":{"line":49,"column":3},"end":{"line":49,"column":16}},"19":{"start":{"line":54,"column":8},"end":{"line":54,"column":19}}},"fnMap":{"0":{"name":"(anonymous_1)","decl":{"start":{"line":6,"column":1},"end":{"line":6,"column":6}},"loc":{"start":{"line":6,"column":34},"end":{"line":20,"column":2}}},"1":{"name":"(anonymous_2)","decl":{"start":{"line":21,"column":1},"end":{"line":21,"column":6}},"loc":{"start":{"line":21,"column":55},"end":{"line":35,"column":2}}},"2":{"name":"(anonymous_3)","decl":{"start":{"line":36,"column":1},"end":{"line":36,"column":6}},"loc":{"start":{"line":36,"column":57},"end":{"line":51,"column":2}}}},"branchMap":{"0":{"loc":{"start":{"line":8,"column":17},"end":{"line":8,"column":49}},"type":"cond-expr","locations":[{"start":{"line":8,"column":37},"end":{"line":8,"column":41}},{"start":{"line":8,"column":44},"end":{"line":8,"column":49}}]}},"s":{"0":2,"1":0,"2":0,"3":0,"4":0,"5":0,"6":0,"7":0,"8":0,"9":0,"10":0,"11":0,"12":0,"13":0,"14":0,"15":0,"16":0,"17":0,"18":0,"19":2},"f":{"0":0,"1":0,"2":0},"b":{"0":[0,0]}}
,"D:\\Almoxarifado\\API NODE\\src\\server\\service\\MarcaDeArmaService.ts": {"path":"D:\\Almoxarifado\\API NODE\\src\\server\\service\\MarcaDeArmaService.ts","statementMap":{"0":{"start":{"line":2,"column":0},"end":{"line":2,"column":43}},"1":{"start":{"line":7,"column":2},"end":{"line":19,"column":null}},"2":{"start":{"line":8,"column":17},"end":{"line":8,"column":49}},"3":{"start":{"line":9,"column":18},"end":{"line":13,"column":5}},"4":{"start":{"line":14,"column":3},"end":{"line":14,"column":17}},"5":{"start":{"line":16,"column":3},"end":{"line":16,"column":24}},"6":{"start":{"line":17,"column":3},"end":{"line":17,"column":16}},"7":{"start":{"line":22,"column":2},"end":{"line":34,"column":null}},"8":{"start":{"line":23,"column":39},"end":{"line":23,"column":50}},"9":{"start":{"line":24,"column":18},"end":{"line":29,"column":5}},"10":{"start":{"line":30,"column":3},"end":{"line":30,"column":17}},"11":{"start":{"line":32,"column":3},"end":{"line":32,"column":22}},"12":{"start":{"line":33,"column":3},"end":{"line":33,"column":16}},"13":{"start":{"line":37,"column":2},"end":{"line":50,"column":null}},"14":{"start":{"line":38,"column":39},"end":{"line":38,"column":50}},"15":{"start":{"line":39,"column":20},"end":{"line":45,"column":5}},"16":{"start":{"line":46,"column":3},"end":{"line":46,"column":19}},"17":{"start":{"line":48,"column":3},"end":{"line":48,"column":22}},"18":{"start":{"line":49,"column":3},"end":{"line":49,"column":16}},"19":{"start":{"line":53,"column":2},"end":{"line":66,"column":null}},"20":{"start":{"line":54,"column":39},"end":{"line":54,"column":50}},"21":{"start":{"line":55,"column":20},"end":{"line":61,"column":5}},"22":{"start":{"line":62,"column":3},"end":{"line":62,"column":19}},"23":{"start":{"line":64,"column":3},"end":{"line":64,"column":22}},"24":{"start":{"line":65,"column":3},"end":{"line":65,"column":16}},"25":{"start":{"line":70,"column":8},"end":{"line":70,"column":26}}},"fnMap":{"0":{"name":"(anonymous_1)","decl":{"start":{"line":6,"column":1},"end":{"line":6,"column":6}},"loc":{"start":{"line":6,"column":41},"end":{"line":20,"column":2}}},"1":{"name":"(anonymous_2)","decl":{"start":{"line":21,"column":1},"end":{"line":21,"column":6}},"loc":{"start":{"line":21,"column":69},"end":{"line":35,"column":2}}},"2":{"name":"(anonymous_3)","decl":{"start":{"line":36,"column":1},"end":{"line":36,"column":6}},"loc":{"start":{"line":36,"column":71},"end":{"line":51,"column":2}}},"3":{"name":"(anonymous_4)","decl":{"start":{"line":52,"column":1},"end":{"line":52,"column":6}},"loc":{"start":{"line":52,"column":71},"end":{"line":67,"column":2}}}},"branchMap":{"0":{"loc":{"start":{"line":8,"column":17},"end":{"line":8,"column":49}},"type":"cond-expr","locations":[{"start":{"line":8,"column":37},"end":{"line":8,"column":41}},{"start":{"line":8,"column":44},"end":{"line":8,"column":49}}]}},"s":{"0":2,"1":2,"2":2,"3":2,"4":2,"5":0,"6":0,"7":1,"8":1,"9":1,"10":1,"11":0,"12":0,"13":0,"14":0,"15":0,"16":0,"17":0,"18":0,"19":0,"20":0,"21":0,"22":0,"23":0,"24":0,"25":2},"f":{"0":2,"1":1,"2":0,"3":0},"b":{"0":[0,2]}}
,"D:\\Almoxarifado\\API NODE\\src\\server\\service\\MunicaoDeArmaService.ts": {"path":"D:\\Almoxarifado\\API NODE\\src\\server\\service\\MunicaoDeArmaService.ts","statementMap":{"0":{"start":{"line":2,"column":0},"end":{"line":2,"column":43}},"1":{"start":{"line":7,"column":2},"end":{"line":19,"column":null}},"2":{"start":{"line":8,"column":17},"end":{"line":8,"column":49}},"3":{"start":{"line":9,"column":18},"end":{"line":13,"column":5}},"4":{"start":{"line":14,"column":3},"end":{"line":14,"column":17}},"5":{"start":{"line":16,"column":3},"end":{"line":16,"column":24}},"6":{"start":{"line":17,"column":3},"end":{"line":17,"column":16}},"7":{"start":{"line":22,"column":2},"end":{"line":34,"column":null}},"8":{"start":{"line":23,"column":39},"end":{"line":23,"column":50}},"9":{"start":{"line":24,"column":18},"end":{"line":29,"column":5}},"10":{"start":{"line":30,"column":3},"end":{"line":30,"column":17}},"11":{"start":{"line":32,"column":3},"end":{"line":32,"column":22}},"12":{"start":{"line":33,"column":3},"end":{"line":33,"column":16}},"13":{"start":{"line":37,"column":2},"end":{"line":50,"column":null}},"14":{"start":{"line":38,"column":39},"end":{"line":38,"column":50}},"15":{"start":{"line":39,"column":20},"end":{"line":45,"column":5}},"16":{"start":{"line":46,"column":3},"end":{"line":46,"column":19}},"17":{"start":{"line":48,"column":3},"end":{"line":48,"column":22}},"18":{"start":{"line":49,"column":3},"end":{"line":49,"column":16}},"19":{"start":{"line":53,"column":2},"end":{"line":66,"column":null}},"20":{"start":{"line":54,"column":39},"end":{"line":54,"column":50}},"21":{"start":{"line":55,"column":20},"end":{"line":61,"column":5}},"22":{"start":{"line":62,"column":3},"end":{"line":62,"column":19}},"23":{"start":{"line":64,"column":3},"end":{"line":64,"column":22}},"24":{"start":{"line":65,"column":3},"end":{"line":65,"column":16}},"25":{"start":{"line":70,"column":8},"end":{"line":70,"column":29}}},"fnMap":{"0":{"name":"(anonymous_1)","decl":{"start":{"line":6,"column":1},"end":{"line":6,"column":6}},"loc":{"start":{"line":6,"column":43},"end":{"line":20,"column":2}}},"1":{"name":"(anonymous_2)","decl":{"start":{"line":21,"column":1},"end":{"line":21,"column":6}},"loc":{"start":{"line":21,"column":74},"end":{"line":35,"column":2}}},"2":{"name":"(anonymous_3)","decl":{"start":{"line":36,"column":1},"end":{"line":36,"column":6}},"loc":{"start":{"line":36,"column":76},"end":{"line":51,"column":2}}},"3":{"name":"(anonymous_4)","decl":{"start":{"line":52,"column":1},"end":{"line":52,"column":6}},"loc":{"start":{"line":52,"column":76},"end":{"line":67,"column":2}}}},"branchMap":{"0":{"loc":{"start":{"line":8,"column":17},"end":{"line":8,"column":49}},"type":"cond-expr","locations":[{"start":{"line":8,"column":37},"end":{"line":8,"column":41}},{"start":{"line":8,"column":44},"end":{"line":8,"column":49}}]}},"s":{"0":2,"1":0,"2":0,"3":0,"4":0,"5":0,"6":0,"7":0,"8":0,"9":0,"10":0,"11":0,"12":0,"13":0,"14":0,"15":0,"16":0,"17":0,"18":0,"19":0,"20":0,"21":0,"22":0,"23":0,"24":0,"25":2},"f":{"0":0,"1":0,"2":0,"3":0},"b":{"0":[0,0]}}
,"D:\\Almoxarifado\\API NODE\\src\\server\\service\\TipoDeArmaService.ts": {"path":"D:\\Almoxarifado\\API NODE\\src\\server\\service\\TipoDeArmaService.ts","statementMap":{"0":{"start":{"line":2,"column":0},"end":{"line":2,"column":43}},"1":{"start":{"line":8,"column":2},"end":{"line":20,"column":null}},"2":{"start":{"line":9,"column":17},"end":{"line":9,"column":49}},"3":{"start":{"line":10,"column":18},"end":{"line":14,"column":5}},"4":{"start":{"line":15,"column":3},"end":{"line":15,"column":17}},"5":{"start":{"line":17,"column":3},"end":{"line":17,"column":24}},"6":{"start":{"line":18,"column":3},"end":{"line":18,"column":16}},"7":{"start":{"line":25,"column":2},"end":{"line":38,"column":null}},"8":{"start":{"line":26,"column":45},"end":{"line":26,"column":56}},"9":{"start":{"line":27,"column":18},"end":{"line":33,"column":5}},"10":{"start":{"line":34,"column":3},"end":{"line":34,"column":17}},"11":{"start":{"line":36,"column":3},"end":{"line":36,"column":22}},"12":{"start":{"line":37,"column":3},"end":{"line":37,"column":16}},"13":{"start":{"line":41,"column":2},"end":{"line":54,"column":null}},"14":{"start":{"line":42,"column":39},"end":{"line":42,"column":50}},"15":{"start":{"line":43,"column":20},"end":{"line":49,"column":5}},"16":{"start":{"line":50,"column":3},"end":{"line":50,"column":19}},"17":{"start":{"line":52,"column":3},"end":{"line":52,"column":22}},"18":{"start":{"line":53,"column":3},"end":{"line":53,"column":16}},"19":{"start":{"line":57,"column":2},"end":{"line":70,"column":null}},"20":{"start":{"line":58,"column":39},"end":{"line":58,"column":50}},"21":{"start":{"line":59,"column":20},"end":{"line":65,"column":5}},"22":{"start":{"line":66,"column":3},"end":{"line":66,"column":19}},"23":{"start":{"line":68,"column":3},"end":{"line":68,"column":22}},"24":{"start":{"line":69,"column":3},"end":{"line":69,"column":16}},"25":{"start":{"line":74,"column":8},"end":{"line":74,"column":25}}},"fnMap":{"0":{"name":"(anonymous_1)","decl":{"start":{"line":7,"column":1},"end":{"line":7,"column":6}},"loc":{"start":{"line":7,"column":40},"end":{"line":21,"column":2}}},"1":{"name":"(anonymous_2)","decl":{"start":{"line":24,"column":1},"end":{"line":24,"column":6}},"loc":{"start":{"line":24,"column":67},"end":{"line":39,"column":2}}},"2":{"name":"(anonymous_3)","decl":{"start":{"line":40,"column":1},"end":{"line":40,"column":6}},"loc":{"start":{"line":40,"column":69},"end":{"line":55,"column":2}}},"3":{"name":"(anonymous_4)","decl":{"start":{"line":56,"column":1},"end":{"line":56,"column":6}},"loc":{"start":{"line":56,"column":69},"end":{"line":71,"column":2}}}},"branchMap":{"0":{"loc":{"start":{"line":9,"column":17},"end":{"line":9,"column":49}},"type":"cond-expr","locations":[{"start":{"line":9,"column":37},"end":{"line":9,"column":41}},{"start":{"line":9,"column":44},"end":{"line":9,"column":49}}]}},"s":{"0":2,"1":1,"2":1,"3":1,"4":1,"5":0,"6":0,"7":1,"8":1,"9":1,"10":1,"11":0,"12":0,"13":0,"14":0,"15":0,"16":0,"17":0,"18":0,"19":0,"20":0,"21":0,"22":0,"23":0,"24":0,"25":2},"f":{"0":1,"1":1,"2":0,"3":0},"b":{"0":[0,1]}}
}
